0x00000000->MOV_R0=0x00000001
0x00000004->MOV_R1=0x00000002
0x00000008->MOV_R2=0x00000003
0x0000000C->MOV_R3=0xFFFF8000
0x00000010->MOV_R4=R0=0x00000001
0x00000014->MOV_R5=R1=0x00000002
0x00000018->MOV_R6=R2=0x00000003
0x0000001C->MOV_R7=R3=0xFFFF8000
0x00000020->MOV_R8=MEM[0x02,0x03,0x04,0x05]=[0x01,0x00,0x00,0x10]
0x00000024->MOV_MEM[0x00,0x01,0x02,0x03]=R2=[0x03,0x00,0x00,0x00]
0x00000028->CMP_R0<=>R1(G=0,L=1,E=0)
0x0000002C->JMP_0x0000003C
0x0000003C->ADD_R10+=R0=0x00000000+0x00000001=0x00000001
0x00000040->SUB_R11-=R3=0x00000000-0xFFFF8000=0x00008000
0x00000044->AND_R2&=R1=0x00000003&0x00000002=0x00000002
0x00000048->OR_R1|=R2=0x00000002|0x00000002=0x00000002
0x0000004C->XOR_R0^=R0=0x00000001^0x00000001=0x00000000
0x00000050->SAL_R3<<=12=0xFFFF8000<<12=0xF8000000
0x00000054->SAR_R3>>=24=0xF8000000>>24=0xFFFFFFF8
0x00000058->JG_0xFFFFFFFF
0x0000005C->JE_0xFFFFF0F0
0x00000060->JL_0x00000100
0x00007F80->EXIT
[00:4,01:4,02:1,03:1,04:1,05:1,06:1,07:1,08:1,09:1,0A:1,0B:1,0C:1,0D:1,0E:1,0F:1]
[R0=0x00000000|R1=0x00000002|R2=0x00000002|R3=0xFFFFFFF8|R4=0x00000001|R5=0x00000002|R6=0x00000003|R7=0xFFFF8000|R8=0x10000001|R9=0x00000000|R10=0x00000001|R11=0x00008000|R12=0x00000000|R13=0x00000000|R14=0x00000000|R15=0x00000000]

