----------------------------------------------
0x00: MOV R[0]=00000001
----------------------------------------------
0x04: MOV R[1]=00000002
----------------------------------------------
0x08: MOV R[2]=00000003
----------------------------------------------
0x0c: MOV R[3]=ffff8000
----------------------------------------------
0x10: MOV R[4]=REG[0]
R[4]=00000001
----------------------------------------------
0x14: MOV R[5]=REG[1]
R[5]=00000002
----------------------------------------------
0x18: MOV R[6]=REG[2]
R[6]=00000003
----------------------------------------------
0x1c: MOV R[7]=REG[3]
R[7]=ffff8000
----------------------------------------------
0x20: MOV R[8]=MEM[0x00000002]
R[8]=0x10000001
----------------------------------------------
0x24: MOV MEM[0x00000000]=R[2]=0x00000003
MEM[0]=0x03
MEM[1]=0x00
MEM[2]=0x00
MEM[3]=0x00
----------------------------------------------
0x28: CMP R[0]<->R[1]
G=0,L=1,E=0
----------------------------------------------
0x2c: JMP 0x0000003c
----------------------------------------------
0x3c: ADD R[10]+=00000001
R[10]=00000001
----------------------------------------------
0x40: SUB R[11]-=ffff8000
R[11]=00008000
----------------------------------------------
0x44: AND R[2]&=00000002
R[2]=00000002
----------------------------------------------
0x48: OR R[1]|=00000002
R[1]=00000002
----------------------------------------------
0x4c: XOR R[0]^=00000000
R[0]=00000000
----------------------------------------------
0x50: SHIFT_LEFT R[3]<<=12
R[3]=f8000000
----------------------------------------------
0x54: SHIFT_RIGHT R[0]>>=0
R[0]=00000000
----------------------------------------------
0x58: JMP 0x00000100
----------------------------------------------
0x100: EXIT
----------------------------------------------
